2025-05-07 20:44:17,595 - root - INFO - Логирование настроено
2025-05-07 20:44:17,596 - __main__ - INFO - Запуск пайплайна обработки данных
2025-05-07 20:44:17,596 - __main__ - INFO - Начало этапа парсинга данных
2025-05-07 20:44:17,598 - __main__ - INFO - Начало парсинга данных для 1-комнатных квартир
2025-05-07 20:45:02,075 - __main__ - INFO - Сохранено 276 записей для 1-комнатных квартир в ./pabd25/data/raw/1к_2025-05-07_20-44.csv
2025-05-07 20:45:02,076 - __main__ - INFO - Начало парсинга данных для 2-комнатных квартир
2025-05-07 20:45:51,252 - __main__ - INFO - Сохранено 251 записей для 2-комнатных квартир в ./pabd25/data/raw/2к_2025-05-07_20-45.csv
2025-05-07 20:45:51,261 - __main__ - INFO - Начало этапа очистки данных
2025-05-07 20:45:51,268 - __main__ - INFO - Найдено 7 CSV файлов для обработки
2025-05-07 20:45:51,455 - __main__ - INFO - Объединенный датасет содержит 4916 записей
2025-05-07 20:45:51,459 - __main__ - INFO - Удалено 0 строк с пропущенными значениями
2025-05-07 20:45:51,478 - __main__ - INFO - Удалено 816 дубликатов
2025-05-07 20:45:51,498 - __main__ - INFO - Удалено 862 выбросов
2025-05-07 20:45:51,498 - __main__ - INFO - Итоговый размер датасета: 3238 строк
2025-05-07 20:45:51,513 - __main__ - INFO - Очищенные данные сохранены в ./pabd25/data/cleaned_data.csv
2025-05-07 20:45:51,518 - __main__ - INFO - Начало этапа обучения модели
2025-05-07 20:45:51,519 - __main__ - INFO - Начало обучения модели
2025-05-07 20:45:51,524 - __main__ - INFO - Данные разделены: train=2590, test=648
2025-05-07 20:45:51,530 - __main__ - INFO - Модель успешно обучена
2025-05-07 20:45:51,564 - __main__ - INFO - Модель успешно сохранена в ./pabd25/models/house_price_model_2025-05-07_20-45.pkl
2025-05-07 20:45:51,564 - __main__ - INFO - Тестирование модели на примере
2025-05-07 20:45:51,587 - __main__ - INFO - Модель успешно загружена из ./pabd25/models/house_price_model_2025-05-07_20-45.pkl
2025-05-07 20:45:51,599 - __main__ - INFO - Пайплайн успешно завершен
2025-05-07 20:50:08,851 - root - INFO - Логирование настроено
2025-05-07 20:50:08,851 - __main__ - INFO - Запуск пайплайна обработки данных
2025-05-07 20:50:08,851 - __main__ - INFO - Начало этапа парсинга данных
2025-05-07 20:50:08,852 - __main__ - INFO - Начало парсинга данных для 1-комнатных квартир
2025-05-07 20:51:28,260 - INFO - The server is running
2025-05-07 20:51:28,304 - INFO - [31m[1mWARNING: This is a development server. Do not use it in a production deployment. Use a production WSGI server instead.[0m
 * Running on http://127.0.0.1:5000
2025-05-07 20:51:28,305 - INFO - [33mPress CTRL+C to quit[0m
2025-05-07 20:51:28,307 - INFO -  * Restarting with stat
2025-05-07 20:51:29,368 - INFO - The server is running
2025-05-07 20:51:29,375 - WARNING -  * Debugger is active!
2025-05-07 20:51:29,378 - INFO -  * Debugger PIN: 497-750-970
2025-05-07 20:51:38,797 - INFO - 127.0.0.1 - - [07/May/2025 20:51:38] "GET / HTTP/1.1" 200 -
2025-05-07 20:51:46,772 - INFO - Request received for /api/numberss
2025-05-07 20:51:46,773 - INFO - The data has been successfully converted: 30.0, 2, 10, 3
2025-05-07 20:51:46,773 - INFO - === Data received ===
2025-05-07 20:51:46,774 - INFO - The area of the apartment: 30.0
2025-05-07 20:51:46,774 - INFO - Number of rooms: 2
2025-05-07 20:51:46,775 - INFO - Floors in the house: 10
2025-05-07 20:51:46,775 - INFO - Apartment floor: 3
2025-05-07 20:51:46,775 - INFO - =====================

2025-05-07 20:51:46,784 - INFO - Predicted price: 7853828.97
2025-05-07 20:51:46,785 - INFO - 127.0.0.1 - - [07/May/2025 20:51:46] "POST /api/numbers HTTP/1.1" 200 -
2025-05-07 20:57:57,714 - INFO -  * Detected change in 'c:\\Users\\user\\Институт\\PABD25\\Проект_3\\pabd25\\servise\\app.py', reloading
2025-05-07 20:57:57,934 - INFO -  * Restarting with stat
2025-05-07 20:57:59,836 - INFO - The server is running
2025-05-07 20:57:59,845 - WARNING -  * Debugger is active!
2025-05-07 20:57:59,848 - INFO -  * Debugger PIN: 497-750-970
2025-05-07 20:58:03,417 - INFO - 127.0.0.1 - - [07/May/2025 20:58:03] "GET / HTTP/1.1" 200 -
2025-05-07 20:58:10,241 - INFO - Request received for /api/numberss
2025-05-07 20:58:10,243 - INFO - The data has been successfully converted: 40.0, 2, 11, 1
2025-05-07 20:58:10,247 - INFO - === Data received ===
2025-05-07 20:58:10,249 - INFO - The area of the apartment: 40.0
2025-05-07 20:58:10,252 - INFO - Number of rooms: 2
2025-05-07 20:58:10,253 - INFO - Floors in the house: 11
2025-05-07 20:58:10,262 - INFO - Apartment floor: 1
2025-05-07 20:58:10,277 - INFO - =====================

2025-05-07 20:58:10,320 - INFO - Predicted price: 13684413.15
2025-05-07 20:58:10,328 - INFO - 127.0.0.1 - - [07/May/2025 20:58:10] "POST /api/numbers HTTP/1.1" 200 -
2025-05-07 20:58:42,149 - INFO - Request received for /api/numberss
2025-05-07 20:58:42,150 - INFO - The data has been successfully converted: 40.0, 2, 11, 5
2025-05-07 20:58:42,150 - INFO - === Data received ===
2025-05-07 20:58:42,151 - INFO - The area of the apartment: 40.0
2025-05-07 20:58:42,152 - INFO - Number of rooms: 2
2025-05-07 20:58:42,152 - INFO - Floors in the house: 11
2025-05-07 20:58:42,153 - INFO - Apartment floor: 5
2025-05-07 20:58:42,154 - INFO - =====================

2025-05-07 20:58:42,158 - INFO - Predicted price: 13641066.53
2025-05-07 20:58:42,161 - INFO - 127.0.0.1 - - [07/May/2025 20:58:42] "POST /api/numbers HTTP/1.1" 200 -
2025-05-07 20:58:43,107 - INFO - Request received for /api/numberss
2025-05-07 20:58:43,109 - INFO - The data has been successfully converted: 40.0, 2, 11, 5
2025-05-07 20:58:43,109 - INFO - === Data received ===
2025-05-07 20:58:43,110 - INFO - The area of the apartment: 40.0
2025-05-07 20:58:43,110 - INFO - Number of rooms: 2
2025-05-07 20:58:43,111 - INFO - Floors in the house: 11
2025-05-07 20:58:43,111 - INFO - Apartment floor: 5
2025-05-07 20:58:43,112 - INFO - =====================

2025-05-07 20:58:43,116 - INFO - Predicted price: 13641066.53
2025-05-07 20:58:43,117 - INFO - 127.0.0.1 - - [07/May/2025 20:58:43] "POST /api/numbers HTTP/1.1" 200 -
2025-05-07 20:58:43,769 - INFO - Request received for /api/numberss
2025-05-07 20:58:43,769 - INFO - The data has been successfully converted: 40.0, 2, 11, 5
2025-05-07 20:58:43,771 - INFO - === Data received ===
2025-05-07 20:58:43,771 - INFO - The area of the apartment: 40.0
2025-05-07 20:58:43,772 - INFO - Number of rooms: 2
2025-05-07 20:58:43,775 - INFO - Floors in the house: 11
2025-05-07 20:58:43,776 - INFO - Apartment floor: 5
2025-05-07 20:58:43,779 - INFO - =====================

2025-05-07 20:58:43,782 - INFO - Predicted price: 13641066.53
2025-05-07 20:58:43,783 - INFO - 127.0.0.1 - - [07/May/2025 20:58:43] "POST /api/numbers HTTP/1.1" 200 -
2025-05-07 20:58:44,106 - INFO - Request received for /api/numberss
2025-05-07 20:58:44,108 - INFO - The data has been successfully converted: 40.0, 2, 11, 5
2025-05-07 20:58:44,109 - INFO - === Data received ===
2025-05-07 20:58:44,110 - INFO - The area of the apartment: 40.0
2025-05-07 20:58:44,111 - INFO - Number of rooms: 2
2025-05-07 20:58:44,112 - INFO - Floors in the house: 11
2025-05-07 20:58:44,112 - INFO - Apartment floor: 5
2025-05-07 20:58:44,116 - INFO - =====================

2025-05-07 20:58:44,125 - INFO - Predicted price: 13641066.53
2025-05-07 20:58:44,126 - INFO - 127.0.0.1 - - [07/May/2025 20:58:44] "POST /api/numbers HTTP/1.1" 200 -
2025-05-07 20:58:44,554 - INFO - Request received for /api/numberss
2025-05-07 20:58:44,555 - INFO - The data has been successfully converted: 40.0, 2, 11, 5
2025-05-07 20:58:44,556 - INFO - === Data received ===
2025-05-07 20:58:44,557 - INFO - The area of the apartment: 40.0
2025-05-07 20:58:44,557 - INFO - Number of rooms: 2
2025-05-07 20:58:44,558 - INFO - Floors in the house: 11
2025-05-07 20:58:44,559 - INFO - Apartment floor: 5
2025-05-07 20:58:44,563 - INFO - =====================

2025-05-07 20:58:44,571 - INFO - Predicted price: 13641066.53
2025-05-07 20:58:44,578 - INFO - 127.0.0.1 - - [07/May/2025 20:58:44] "POST /api/numbers HTTP/1.1" 200 -
2025-05-07 20:58:47,638 - INFO - Request received for /api/numberss
2025-05-07 20:58:47,640 - INFO - The data has been successfully converted: 40.0, 2, 11, 6
2025-05-07 20:58:47,642 - INFO - === Data received ===
2025-05-07 20:58:47,642 - INFO - The area of the apartment: 40.0
2025-05-07 20:58:47,643 - INFO - Number of rooms: 2
2025-05-07 20:58:47,644 - INFO - Floors in the house: 11
2025-05-07 20:58:47,646 - INFO - Apartment floor: 6
2025-05-07 20:58:47,647 - INFO - =====================

2025-05-07 20:58:47,651 - INFO - Predicted price: 13630229.88
2025-05-07 20:58:47,653 - INFO - 127.0.0.1 - - [07/May/2025 20:58:47] "POST /api/numbers HTTP/1.1" 200 -
2025-05-07 20:58:52,361 - INFO - Request received for /api/numberss
2025-05-07 20:58:52,363 - INFO - The data has been successfully converted: 40.0, 2, 16, 6
2025-05-07 20:58:52,366 - INFO - === Data received ===
2025-05-07 20:58:52,368 - INFO - The area of the apartment: 40.0
2025-05-07 20:58:52,375 - INFO - Number of rooms: 2
2025-05-07 20:58:52,379 - INFO - Floors in the house: 16
2025-05-07 20:58:52,387 - INFO - Apartment floor: 6
2025-05-07 20:58:52,388 - INFO - =====================

2025-05-07 20:58:52,400 - INFO - Predicted price: 14582089.89
2025-05-07 20:58:52,408 - INFO - 127.0.0.1 - - [07/May/2025 20:58:52] "POST /api/numbers HTTP/1.1" 200 -
2025-05-07 20:59:39,608 - INFO -  * Detected change in 'c:\\Users\\user\\Институт\\PABD25\\Проект_3\\pabd25\\servise\\app.py', reloading
2025-05-07 20:59:39,830 - INFO -  * Restarting with stat
2025-05-07 20:59:41,466 - INFO - The server is running
2025-05-07 20:59:41,477 - WARNING -  * Debugger is active!
2025-05-07 20:59:41,492 - INFO -  * Debugger PIN: 497-750-970
2025-05-07 20:59:43,566 - INFO - 127.0.0.1 - - [07/May/2025 20:59:43] "GET / HTTP/1.1" 200 -
2025-05-07 20:59:51,793 - INFO - Request received for /api/numberss
2025-05-07 20:59:51,795 - INFO - The data has been successfully converted: 40.0, 3, 12, 4
2025-05-07 20:59:51,795 - INFO - === Data received ===
2025-05-07 20:59:51,796 - INFO - The area of the apartment: 40.0
2025-05-07 20:59:51,796 - INFO - Number of rooms: 3
2025-05-07 20:59:51,798 - INFO - Floors in the house: 12
2025-05-07 20:59:51,799 - INFO - Apartment floor: 4
2025-05-07 20:59:51,799 - INFO - =====================

2025-05-07 20:59:51,814 - INFO - Predicted price: 12818633.92
2025-05-07 20:59:51,818 - INFO - 127.0.0.1 - - [07/May/2025 20:59:51] "POST /api/numbers HTTP/1.1" 200 -
2025-05-07 21:00:32,516 - INFO -  * Detected change in 'c:\\Users\\user\\Институт\\PABD25\\Проект_3\\pabd25\\servise\\app.py', reloading
2025-05-07 21:00:32,728 - INFO -  * Restarting with stat
2025-05-07 21:00:33,612 - INFO - The server is running
2025-05-07 21:00:33,620 - WARNING -  * Debugger is active!
2025-05-07 21:00:33,623 - INFO -  * Debugger PIN: 497-750-970
2025-05-07 21:00:36,631 - INFO - 127.0.0.1 - - [07/May/2025 21:00:36] "GET / HTTP/1.1" 200 -
2025-05-07 21:00:42,981 - INFO - Request received for /api/numberss
2025-05-07 21:00:42,982 - INFO - The data has been successfully converted: 40.0, 4, 22, 2
2025-05-07 21:00:42,983 - INFO - === Data received ===
2025-05-07 21:00:42,984 - INFO - The area of the apartment: 40.0
2025-05-07 21:00:42,985 - INFO - Number of rooms: 4
2025-05-07 21:00:42,985 - INFO - Floors in the house: 22
2025-05-07 21:00:42,986 - INFO - Apartment floor: 2
2025-05-07 21:00:42,986 - INFO - =====================

2025-05-07 21:00:43,265 - INFO - 127.0.0.1 - - [07/May/2025 21:00:43] "[35m[1mPOST /api/numbers HTTP/1.1[0m" 500 -
2025-05-07 21:00:44,397 - INFO - Request received for /api/numberss
2025-05-07 21:00:44,401 - INFO - The data has been successfully converted: 40.0, 4, 22, 2
2025-05-07 21:00:44,402 - INFO - === Data received ===
2025-05-07 21:00:44,403 - INFO - The area of the apartment: 40.0
2025-05-07 21:00:44,404 - INFO - Number of rooms: 4
2025-05-07 21:00:44,404 - INFO - Floors in the house: 22
2025-05-07 21:00:44,408 - INFO - Apartment floor: 2
2025-05-07 21:00:44,410 - INFO - =====================

2025-05-07 21:00:44,487 - INFO - 127.0.0.1 - - [07/May/2025 21:00:44] "[35m[1mPOST /api/numbers HTTP/1.1[0m" 500 -
2025-05-07 21:01:08,750 - INFO -  * Detected change in 'c:\\Users\\user\\Институт\\PABD25\\Проект_3\\pabd25\\servise\\app.py', reloading
2025-05-07 21:01:08,969 - INFO -  * Restarting with stat
2025-05-07 21:01:11,044 - INFO - The server is running
2025-05-07 21:01:11,056 - WARNING -  * Debugger is active!
2025-05-07 21:01:11,061 - INFO -  * Debugger PIN: 497-750-970
2025-05-07 21:01:11,377 - INFO - Request received for /api/numberss
2025-05-07 21:01:11,378 - INFO - The data has been successfully converted: 40.0, 4, 22, 2
2025-05-07 21:01:11,378 - INFO - === Data received ===
2025-05-07 21:01:11,378 - INFO - The area of the apartment: 40.0
2025-05-07 21:01:11,379 - INFO - Number of rooms: 4
2025-05-07 21:01:11,379 - INFO - Floors in the house: 22
2025-05-07 21:01:11,379 - INFO - Apartment floor: 2
2025-05-07 21:01:11,379 - INFO - =====================

2025-05-07 21:01:11,382 - INFO - Predicted price: 13720385.97
2025-05-07 21:01:11,383 - INFO - 127.0.0.1 - - [07/May/2025 21:01:11] "POST /api/numbers HTTP/1.1" 200 -
2025-05-07 21:01:17,900 - INFO - Request received for /api/numberss
2025-05-07 21:01:17,903 - INFO - The data has been successfully converted: 40.0, 4, 22, 3
2025-05-07 21:01:17,905 - INFO - === Data received ===
2025-05-07 21:01:17,907 - INFO - The area of the apartment: 40.0
2025-05-07 21:01:17,910 - INFO - Number of rooms: 4
2025-05-07 21:01:17,915 - INFO - Floors in the house: 22
2025-05-07 21:01:17,919 - INFO - Apartment floor: 3
2025-05-07 21:01:17,920 - INFO - =====================

2025-05-07 21:01:17,935 - INFO - Predicted price: 13709549.32
2025-05-07 21:01:17,939 - INFO - 127.0.0.1 - - [07/May/2025 21:01:17] "POST /api/numbers HTTP/1.1" 200 -
2025-05-07 21:05:06,400 - INFO -  * Detected change in 'c:\\Users\\user\\Институт\\PABD25\\Проект_3\\pabd25\\servise\\app.py', reloading
2025-05-07 21:05:06,694 - INFO -  * Restarting with stat
2025-05-07 21:05:08,821 - INFO - The server is running
2025-05-07 21:05:08,833 - WARNING -  * Debugger is active!
2025-05-07 21:05:08,836 - INFO -  * Debugger PIN: 497-750-970
2025-05-07 21:05:11,793 - INFO - 127.0.0.1 - - [07/May/2025 21:05:11] "GET / HTTP/1.1" 200 -
2025-05-07 21:05:19,897 - INFO - Request received for /api/numberss
2025-05-07 21:05:19,897 - INFO - The data has been successfully converted: 40.0, 2, 22, 4
2025-05-07 21:05:19,898 - INFO - === Data received ===
2025-05-07 21:05:19,898 - INFO - The area of the apartment: 40.0
2025-05-07 21:05:19,898 - INFO - Number of rooms: 2
2025-05-07 21:05:19,899 - INFO - Floors in the house: 22
2025-05-07 21:05:19,899 - INFO - Apartment floor: 4
2025-05-07 21:05:19,899 - INFO - =====================

2025-05-07 21:05:19,905 - INFO - Predicted price: 15745995.21
2025-05-07 21:05:19,910 - INFO - 127.0.0.1 - - [07/May/2025 21:05:19] "POST /api/numbers HTTP/1.1" 200 -
2025-05-07 21:06:45,859 - INFO -  * Detected change in 'c:\\Users\\user\\Институт\\PABD25\\Проект_3\\pabd25\\servise\\app.py', reloading
2025-05-07 21:06:46,080 - INFO -  * Restarting with stat
2025-05-07 21:06:47,580 - INFO - The server is running
2025-05-07 21:06:47,590 - WARNING -  * Debugger is active!
2025-05-07 21:06:47,594 - INFO -  * Debugger PIN: 497-750-970
2025-05-07 21:15:49,735 - INFO -  * Detected change in 'c:\\Users\\user\\Институт\\PABD25\\Проект_3\\pabd25\\servise\\app.py', reloading
2025-05-07 21:15:49,956 - INFO -  * Restarting with stat
2025-05-14 20:38:28,617 - root - INFO - Логирование настроено
2025-05-14 20:38:28,618 - __main__ - INFO - Запуск пайплайна обработки данных
2025-05-14 20:38:28,618 - __main__ - INFO - Начало этапа парсинга данных
2025-05-14 20:38:28,619 - __main__ - INFO - Начало парсинга данных для 1-комнатных квартир
2025-05-14 20:41:38,293 - __main__ - INFO - Сохранено 861 записей для 1-комнатных квартир в ./pabd25/data/raw/1к_2025-05-14_20-38.csv
2025-05-14 20:41:38,294 - __main__ - INFO - Начало парсинга данных для 2-комнатных квартир
2025-05-14 20:45:10,074 - __main__ - INFO - Сохранено 890 записей для 2-комнатных квартир в ./pabd25/data/raw/2к_2025-05-14_20-41.csv
2025-05-14 20:45:10,074 - __main__ - INFO - Начало этапа очистки данных
2025-05-14 20:45:10,075 - __main__ - INFO - Найдено 9 CSV файлов для обработки
2025-05-14 20:45:10,155 - __main__ - INFO - Объединенный датасет содержит 6667 записей
2025-05-14 20:45:10,171 - __main__ - INFO - Удалено 683 строк с пропущенными значениями
2025-05-14 20:45:10,183 - __main__ - INFO - Удалено 1815 дубликатов
2025-05-14 20:45:10,192 - __main__ - INFO - Удалено 1044 выбросов
2025-05-14 20:45:10,193 - __main__ - INFO - Итоговый размер датасета: 3808 строк
2025-05-14 20:45:10,194 - __main__ - ERROR - Ошибка при очистке данных: can only concatenate str (not "int") to str
2025-05-14 20:45:10,194 - __main__ - CRITICAL - Критическая ошибка в пайплайне: can only concatenate str (not "int") to str
Traceback (most recent call last):
  File "c:\Users\user\Институт\PABD25\Проект_3\pabd25\servise\model.py", line 294, in main
    cleaned_data = clean_and_prepare_data()
  File "c:\Users\user\Институт\PABD25\Проект_3\pabd25\servise\model.py", line 143, in clean_and_prepare_data
    'unique_locations': {idx: val + 1 for idx, val in enumerate(new_dataframe['location'].unique())},
                              ~~~~^~~
TypeError: can only concatenate str (not "int") to str
2025-05-14 20:46:36,245 - root - INFO - Логирование настроено
2025-05-14 20:46:36,245 - __main__ - INFO - Запуск пайплайна обработки данных
2025-05-14 20:46:36,246 - __main__ - INFO - Начало этапа очистки данных
2025-05-14 20:46:36,246 - __main__ - INFO - Найдено 9 CSV файлов для обработки
2025-05-14 20:46:36,287 - __main__ - INFO - Объединенный датасет содержит 6667 записей
2025-05-14 20:46:36,290 - __main__ - INFO - Удалено 683 строк с пропущенными значениями
2025-05-14 20:46:36,293 - __main__ - INFO - Удалено 1815 дубликатов
2025-05-14 20:46:36,300 - __main__ - INFO - Удалено 1044 выбросов
2025-05-14 20:46:36,300 - __main__ - INFO - Итоговый размер датасета: 3808 строк
2025-05-14 20:46:36,301 - __main__ - ERROR - Ошибка при очистке данных: 'location'
2025-05-14 20:46:36,301 - __main__ - CRITICAL - Критическая ошибка в пайплайне: 'location'
Traceback (most recent call last):
  File "c:\Users\user\Институт\PABD25\Проект_3\pabd25\servise\model.py", line 294, in main
    cleaned_data = clean_and_prepare_data()
  File "c:\Users\user\Институт\PABD25\Проект_3\pabd25\servise\model.py", line 148, in clean_and_prepare_data
    new_dataframe[column] = new_dataframe[column].map(mapping_dict[column])
                                                      ~~~~~~~~~~~~^^^^^^^^
KeyError: 'location'
2025-05-14 20:47:26,724 - root - INFO - Логирование настроено
2025-05-14 20:47:26,725 - __main__ - INFO - Запуск пайплайна обработки данных
2025-05-14 20:47:26,725 - __main__ - INFO - Начало этапа очистки данных
2025-05-14 20:47:26,725 - __main__ - INFO - Найдено 9 CSV файлов для обработки
2025-05-14 20:47:26,771 - __main__ - INFO - Объединенный датасет содержит 6667 записей
2025-05-14 20:47:26,774 - __main__ - INFO - Удалено 683 строк с пропущенными значениями
2025-05-14 20:47:26,777 - __main__ - INFO - Удалено 1815 дубликатов
2025-05-14 20:47:26,783 - __main__ - INFO - Удалено 1044 выбросов
2025-05-14 20:47:26,784 - __main__ - INFO - Итоговый размер датасета: 3808 строк
2025-05-14 20:47:26,785 - __main__ - ERROR - Ошибка при очистке данных: 'location'
2025-05-14 20:47:26,785 - __main__ - CRITICAL - Критическая ошибка в пайплайне: 'location'
Traceback (most recent call last):
  File "c:\Users\user\Институт\PABD25\Проект_3\pabd25\servise\model.py", line 294, in main
    cleaned_data = clean_and_prepare_data()
  File "c:\Users\user\Институт\PABD25\Проект_3\pabd25\servise\model.py", line 148, in clean_and_prepare_data
    new_dataframe[column] = new_dataframe[column].map(mapping_dict[column])
                                                      ~~~~~~~~~~~~^^^^^^^^
KeyError: 'location'
2025-05-14 20:47:49,937 - root - INFO - Логирование настроено
2025-05-14 20:47:49,938 - __main__ - INFO - Запуск пайплайна обработки данных
2025-05-14 20:47:49,938 - __main__ - INFO - Начало этапа очистки данных
2025-05-14 20:47:49,938 - __main__ - INFO - Найдено 9 CSV файлов для обработки
2025-05-14 20:47:49,987 - __main__ - INFO - Объединенный датасет содержит 6667 записей
2025-05-14 20:47:49,990 - __main__ - INFO - Удалено 683 строк с пропущенными значениями
2025-05-14 20:47:49,993 - __main__ - INFO - Удалено 1815 дубликатов
2025-05-14 20:47:49,999 - __main__ - INFO - Удалено 1044 выбросов
2025-05-14 20:47:49,999 - __main__ - INFO - Итоговый размер датасета: 3808 строк
2025-05-14 20:47:50,005 - __main__ - ERROR - Ошибка при очистке данных: 'str' object has no attribute 'write'
2025-05-14 20:47:50,005 - __main__ - CRITICAL - Критическая ошибка в пайплайне: 'str' object has no attribute 'write'
Traceback (most recent call last):
  File "c:\Users\user\Институт\PABD25\Проект_3\pabd25\servise\model.py", line 294, in main
    cleaned_data = clean_and_prepare_data()
  File "c:\Users\user\Институт\PABD25\Проект_3\pabd25\servise\model.py", line 150, in clean_and_prepare_data
    json.dump(mapping_dict, './pabd25/indo_dataset/info.json', ensure_ascii=False, indent=4)
    ~~~~~~~~~^^^^^^^^^^^^^^^^^^^^^^^^^^^^^^^^^^^^^^^^^^^^^^^^^^^^^^^^^^^^^^^^^^^^^^^^^^^^^^^
  File "C:\Program Files\WindowsApps\PythonSoftwareFoundation.Python.3.13_3.13.1008.0_x64__qbz5n2kfra8p0\Lib\json\__init__.py", line 180, in dump
    fp.write(chunk)
    ^^^^^^^^
AttributeError: 'str' object has no attribute 'write'
2025-05-14 20:49:21,303 - root - INFO - Логирование настроено
2025-05-14 20:49:21,303 - __main__ - INFO - Запуск пайплайна обработки данных
2025-05-14 20:49:21,303 - __main__ - INFO - Начало этапа очистки данных
2025-05-14 20:49:21,304 - __main__ - INFO - Найдено 9 CSV файлов для обработки
2025-05-14 20:49:21,350 - __main__ - INFO - Объединенный датасет содержит 6667 записей
2025-05-14 20:49:21,353 - __main__ - INFO - Удалено 683 строк с пропущенными значениями
2025-05-14 20:49:21,357 - __main__ - INFO - Удалено 1815 дубликатов
2025-05-14 20:49:21,363 - __main__ - INFO - Удалено 1044 выбросов
2025-05-14 20:49:21,363 - __main__ - INFO - Итоговый размер датасета: 3808 строк
2025-05-14 20:49:21,368 - __main__ - ERROR - Ошибка при очистке данных: [Errno 2] No such file or directory: './pabd25/indo_dataset/info.json'
2025-05-14 20:49:21,368 - __main__ - CRITICAL - Критическая ошибка в пайплайне: [Errno 2] No such file or directory: './pabd25/indo_dataset/info.json'
Traceback (most recent call last):
  File "c:\Users\user\Институт\PABD25\Проект_3\pabd25\servise\model.py", line 295, in main
    cleaned_data = clean_and_prepare_data()
  File "c:\Users\user\Институт\PABD25\Проект_3\pabd25\servise\model.py", line 150, in clean_and_prepare_data
    with open('./pabd25/indo_dataset/info.json', 'w', encoding='utf-8') as f:
         ~~~~^^^^^^^^^^^^^^^^^^^^^^^^^^^^^^^^^^^^^^^^^^^^^^^^^^^^^^^^^^
FileNotFoundError: [Errno 2] No such file or directory: './pabd25/indo_dataset/info.json'
2025-05-14 20:50:23,247 - root - INFO - Логирование настроено
2025-05-14 20:50:23,248 - __main__ - INFO - Запуск пайплайна обработки данных
2025-05-14 20:50:23,248 - __main__ - INFO - Начало этапа очистки данных
2025-05-14 20:50:23,249 - __main__ - INFO - Найдено 9 CSV файлов для обработки
2025-05-14 20:50:23,299 - __main__ - INFO - Объединенный датасет содержит 6667 записей
2025-05-14 20:50:23,301 - __main__ - INFO - Удалено 683 строк с пропущенными значениями
2025-05-14 20:50:23,304 - __main__ - INFO - Удалено 1815 дубликатов
2025-05-14 20:50:23,310 - __main__ - INFO - Удалено 1044 выбросов
2025-05-14 20:50:23,311 - __main__ - INFO - Итоговый размер датасета: 3808 строк
2025-05-14 20:50:23,314 - __main__ - ERROR - Ошибка при очистке данных: [Errno 2] No such file or directory: './pabd25/indo_dataset/info.json'
2025-05-14 20:50:23,315 - __main__ - CRITICAL - Критическая ошибка в пайплайне: [Errno 2] No such file or directory: './pabd25/indo_dataset/info.json'
Traceback (most recent call last):
  File "c:\Users\user\Институт\PABD25\Проект_3\pabd25\servise\model.py", line 296, in main
    cleaned_data = clean_and_prepare_data()
  File "c:\Users\user\Институт\PABD25\Проект_3\pabd25\servise\model.py", line 150, in clean_and_prepare_data
    with open('./pabd25/indo_dataset/info.json', 'w', encoding='utf-8') as f:
         ~~~~^^^^^^^^^^^^^^^^^^^^^^^^^^^^^^^^^^^^^^^^^^^^^^^^^^^^^^^^^^
FileNotFoundError: [Errno 2] No such file or directory: './pabd25/indo_dataset/info.json'
2025-05-14 20:50:38,116 - root - INFO - Логирование настроено
2025-05-14 20:50:38,117 - __main__ - INFO - Запуск пайплайна обработки данных
2025-05-14 20:50:38,117 - __main__ - INFO - Начало этапа очистки данных
2025-05-14 20:50:38,117 - __main__ - INFO - Найдено 9 CSV файлов для обработки
2025-05-14 20:50:38,157 - __main__ - INFO - Объединенный датасет содержит 6667 записей
2025-05-14 20:50:38,159 - __main__ - INFO - Удалено 683 строк с пропущенными значениями
2025-05-14 20:50:38,162 - __main__ - INFO - Удалено 1815 дубликатов
2025-05-14 20:50:38,168 - __main__ - INFO - Удалено 1044 выбросов
2025-05-14 20:50:38,168 - __main__ - INFO - Итоговый размер датасета: 3808 строк
2025-05-14 20:50:38,172 - __main__ - ERROR - Ошибка при очистке данных: cannot access local variable 'f' where it is not associated with a value
2025-05-14 20:50:38,172 - __main__ - CRITICAL - Критическая ошибка в пайплайне: cannot access local variable 'f' where it is not associated with a value
Traceback (most recent call last):
  File "c:\Users\user\Институт\PABD25\Проект_3\pabd25\servise\model.py", line 297, in main
    cleaned_data = clean_and_prepare_data()
  File "c:\Users\user\Институт\PABD25\Проект_3\pabd25\servise\model.py", line 150, in clean_and_prepare_data
    os.makedirs(os.path.dirname(f), exist_ok=True)
                                ^
UnboundLocalError: cannot access local variable 'f' where it is not associated with a value
2025-05-14 20:50:51,518 - root - INFO - Логирование настроено
2025-05-14 20:50:51,519 - __main__ - INFO - Запуск пайплайна обработки данных
2025-05-14 20:50:51,519 - __main__ - INFO - Начало этапа очистки данных
2025-05-14 20:50:51,519 - __main__ - INFO - Найдено 9 CSV файлов для обработки
2025-05-14 20:50:51,567 - __main__ - INFO - Объединенный датасет содержит 6667 записей
2025-05-14 20:50:51,569 - __main__ - INFO - Удалено 683 строк с пропущенными значениями
2025-05-14 20:50:51,572 - __main__ - INFO - Удалено 1815 дубликатов
2025-05-14 20:50:51,578 - __main__ - INFO - Удалено 1044 выбросов
2025-05-14 20:50:51,579 - __main__ - INFO - Итоговый размер датасета: 3808 строк
2025-05-14 20:50:51,591 - __main__ - INFO - Очищенные данные сохранены в ./pabd25/data/cleaned_data.csv
2025-05-14 20:50:51,592 - __main__ - INFO - Начало этапа обучения модели
2025-05-14 20:50:51,592 - __main__ - INFO - Начало обучения модели
2025-05-14 20:50:51,597 - __main__ - INFO - Данные разделены: train=3046, test=762
2025-05-14 20:50:51,600 - __main__ - ERROR - Ошибка при обучении модели: Input X contains NaN.
GradientBoostingRegressor does not accept missing values encoded as NaN natively. For supervised learning, you might want to consider sklearn.ensemble.HistGradientBoostingClassifier and Regressor which accept missing values encoded as NaNs natively. Alternatively, it is possible to preprocess the data, for instance by using an imputer transformer in a pipeline or drop samples with missing values. See https://scikit-learn.org/stable/modules/impute.html You can find a list of all estimators that handle NaN values at the following page: https://scikit-learn.org/stable/modules/impute.html#estimators-that-handle-nan-values
2025-05-14 20:50:51,600 - __main__ - CRITICAL - Критическая ошибка в пайплайне: Input X contains NaN.
GradientBoostingRegressor does not accept missing values encoded as NaN natively. For supervised learning, you might want to consider sklearn.ensemble.HistGradientBoostingClassifier and Regressor which accept missing values encoded as NaNs natively. Alternatively, it is possible to preprocess the data, for instance by using an imputer transformer in a pipeline or drop samples with missing values. See https://scikit-learn.org/stable/modules/impute.html You can find a list of all estimators that handle NaN values at the following page: https://scikit-learn.org/stable/modules/impute.html#estimators-that-handle-nan-values
Traceback (most recent call last):
  File "c:\Users\user\Институт\PABD25\Проект_3\pabd25\servise\model.py", line 305, in main
    model = train_and_evaluate_model(cleaned_data)
  File "c:\Users\user\Институт\PABD25\Проект_3\pabd25\servise\model.py", line 195, in train_and_evaluate_model
    model.fit(X_train, y_train)
    ~~~~~~~~~^^^^^^^^^^^^^^^^^^
  File "C:\Users\user\AppData\Local\Packages\PythonSoftwareFoundation.Python.3.13_qbz5n2kfra8p0\LocalCache\local-packages\Python313\site-packages\sklearn\base.py", line 1389, in wrapper
    return fit_method(estimator, *args, **kwargs)
  File "C:\Users\user\AppData\Local\Packages\PythonSoftwareFoundation.Python.3.13_qbz5n2kfra8p0\LocalCache\local-packages\Python313\site-packages\sklearn\ensemble\_gb.py", line 658, in fit
    X, y = validate_data(
           ~~~~~~~~~~~~~^
        self,
        ^^^^^
    ...<4 lines>...
        multi_output=True,
        ^^^^^^^^^^^^^^^^^^
    )
    ^
  File "C:\Users\user\AppData\Local\Packages\PythonSoftwareFoundation.Python.3.13_qbz5n2kfra8p0\LocalCache\local-packages\Python313\site-packages\sklearn\utils\validation.py", line 2961, in validate_data
    X, y = check_X_y(X, y, **check_params)
           ~~~~~~~~~^^^^^^^^^^^^^^^^^^^^^^
  File "C:\Users\user\AppData\Local\Packages\PythonSoftwareFoundation.Python.3.13_qbz5n2kfra8p0\LocalCache\local-packages\Python313\site-packages\sklearn\utils\validation.py", line 1370, in check_X_y
    X = check_array(
        X,
    ...<12 lines>...
        input_name="X",
    )
  File "C:\Users\user\AppData\Local\Packages\PythonSoftwareFoundation.Python.3.13_qbz5n2kfra8p0\LocalCache\local-packages\Python313\site-packages\sklearn\utils\validation.py", line 1107, in check_array
    _assert_all_finite(
    ~~~~~~~~~~~~~~~~~~^
        array,
        ^^^^^^
    ...<2 lines>...
        allow_nan=ensure_all_finite == "allow-nan",
        ^^^^^^^^^^^^^^^^^^^^^^^^^^^^^^^^^^^^^^^^^^^
    )
    ^
  File "C:\Users\user\AppData\Local\Packages\PythonSoftwareFoundation.Python.3.13_qbz5n2kfra8p0\LocalCache\local-packages\Python313\site-packages\sklearn\utils\validation.py", line 120, in _assert_all_finite
    _assert_all_finite_element_wise(
    ~~~~~~~~~~~~~~~~~~~~~~~~~~~~~~~^
        X,
        ^^
    ...<4 lines>...
        input_name=input_name,
        ^^^^^^^^^^^^^^^^^^^^^^
    )
    ^
  File "C:\Users\user\AppData\Local\Packages\PythonSoftwareFoundation.Python.3.13_qbz5n2kfra8p0\LocalCache\local-packages\Python313\site-packages\sklearn\utils\validation.py", line 169, in _assert_all_finite_element_wise
    raise ValueError(msg_err)
ValueError: Input X contains NaN.
GradientBoostingRegressor does not accept missing values encoded as NaN natively. For supervised learning, you might want to consider sklearn.ensemble.HistGradientBoostingClassifier and Regressor which accept missing values encoded as NaNs natively. Alternatively, it is possible to preprocess the data, for instance by using an imputer transformer in a pipeline or drop samples with missing values. See https://scikit-learn.org/stable/modules/impute.html You can find a list of all estimators that handle NaN values at the following page: https://scikit-learn.org/stable/modules/impute.html#estimators-that-handle-nan-values
2025-05-14 20:54:19,652 - root - INFO - Логирование настроено
2025-05-14 20:54:19,653 - __main__ - INFO - Запуск пайплайна обработки данных
2025-05-14 20:54:19,653 - __main__ - INFO - Начало этапа очистки данных
2025-05-14 20:54:19,654 - __main__ - INFO - Найдено 9 CSV файлов для обработки
2025-05-14 20:54:19,694 - __main__ - INFO - Объединенный датасет содержит 6667 записей
2025-05-14 20:54:19,698 - __main__ - INFO - Удалено 683 строк с пропущенными значениями
2025-05-14 20:54:19,701 - __main__ - INFO - Удалено 1815 дубликатов
2025-05-14 20:54:19,707 - __main__ - INFO - Удалено 1044 выбросов
2025-05-14 20:54:19,708 - __main__ - INFO - Итоговый размер датасета: 3808 строк
2025-05-14 20:54:19,720 - __main__ - INFO - Очищенные данные сохранены в ./pabd25/data/cleaned_data.csv
2025-05-14 20:54:19,721 - __main__ - INFO - Начало этапа обучения модели
2025-05-14 20:54:19,722 - __main__ - INFO - Начало обучения модели
2025-05-14 20:54:19,724 - __main__ - INFO - Данные разделены: train=3046, test=762
2025-05-14 20:54:19,968 - __main__ - INFO - Модель успешно обучена
2025-05-14 20:54:19,973 - __main__ - ERROR - Ошибка при обучении модели: 'GradientBoostingRegressor' object has no attribute 'coef_'
2025-05-14 20:54:19,973 - __main__ - CRITICAL - Критическая ошибка в пайплайне: 'GradientBoostingRegressor' object has no attribute 'coef_'
Traceback (most recent call last):
  File "c:\Users\user\Институт\PABD25\Проект_3\pabd25\servise\model.py", line 305, in main
    model = train_and_evaluate_model(cleaned_data)
  File "c:\Users\user\Институт\PABD25\Проект_3\pabd25\servise\model.py", line 213, in train_and_evaluate_model
    f"Коэффициенты: {model.coef_}\n"
                     ^^^^^^^^^^^
AttributeError: 'GradientBoostingRegressor' object has no attribute 'coef_'
2025-05-14 20:54:57,905 - root - INFO - Логирование настроено
2025-05-14 20:54:57,905 - __main__ - INFO - Запуск пайплайна обработки данных
2025-05-14 20:54:57,905 - __main__ - INFO - Начало этапа очистки данных
2025-05-14 20:54:57,906 - __main__ - INFO - Найдено 9 CSV файлов для обработки
2025-05-14 20:54:57,957 - __main__ - INFO - Объединенный датасет содержит 6667 записей
2025-05-14 20:54:57,960 - __main__ - INFO - Удалено 683 строк с пропущенными значениями
2025-05-14 20:54:57,963 - __main__ - INFO - Удалено 1815 дубликатов
2025-05-14 20:54:57,968 - __main__ - INFO - Удалено 1044 выбросов
2025-05-14 20:54:57,969 - __main__ - INFO - Итоговый размер датасета: 3808 строк
2025-05-14 20:54:57,983 - __main__ - INFO - Очищенные данные сохранены в ./pabd25/data/cleaned_data.csv
2025-05-14 20:54:57,985 - __main__ - INFO - Начало этапа обучения модели
2025-05-14 20:54:57,985 - __main__ - INFO - Начало обучения модели
2025-05-14 20:54:57,988 - __main__ - INFO - Данные разделены: train=3046, test=762
2025-05-14 20:54:58,220 - __main__ - INFO - Модель успешно обучена
2025-05-14 20:54:58,236 - __main__ - INFO - Модель успешно сохранена в ./pabd25/models/house_price_model_2025-05-14_20-54.pkl
2025-05-14 20:54:58,236 - __main__ - INFO - Тестирование модели на примере
2025-05-14 20:54:58,266 - __main__ - INFO - Модель успешно загружена из ./pabd25/models/house_price_model_2025-05-14_20-54.pkl
2025-05-14 20:54:58,272 - __main__ - INFO - Пайплайн успешно завершен
2025-05-14 21:08:09,222 - INFO - The server is running
2025-05-14 21:08:09,381 - INFO - [31m[1mWARNING: This is a development server. Do not use it in a production deployment. Use a production WSGI server instead.[0m
 * Running on http://127.0.0.1:5000
2025-05-14 21:08:09,382 - INFO - [33mPress CTRL+C to quit[0m
2025-05-14 21:08:09,400 - INFO -  * Restarting with stat
2025-05-14 21:08:10,903 - INFO - The server is running
2025-05-14 21:08:10,911 - WARNING -  * Debugger is active!
2025-05-14 21:08:10,915 - INFO -  * Debugger PIN: 480-328-177
2025-05-14 21:08:14,115 - INFO - 127.0.0.1 - - [14/May/2025 21:08:14] "GET / HTTP/1.1" 200 -
2025-05-14 21:08:14,382 - INFO - 127.0.0.1 - - [14/May/2025 21:08:14] "[33mGET /pabd25/indo_dataset/info.json HTTP/1.1[0m" 404 -
2025-05-14 21:08:14,675 - INFO - 127.0.0.1 - - [14/May/2025 21:08:14] "[33mGET /favicon.ico HTTP/1.1[0m" 404 -
2025-05-14 21:11:58,251 - INFO - The server is running
2025-05-14 21:11:58,271 - INFO - [31m[1mWARNING: This is a development server. Do not use it in a production deployment. Use a production WSGI server instead.[0m
 * Running on http://127.0.0.1:5000
2025-05-14 21:11:58,271 - INFO - [33mPress CTRL+C to quit[0m
2025-05-14 21:11:58,272 - INFO -  * Restarting with stat
2025-05-14 21:11:59,710 - INFO - The server is running
2025-05-14 21:11:59,719 - WARNING -  * Debugger is active!
2025-05-14 21:11:59,722 - INFO -  * Debugger PIN: 480-328-177
2025-05-14 21:12:09,226 - INFO - 127.0.0.1 - - [14/May/2025 21:12:09] "GET / HTTP/1.1" 200 -
2025-05-14 21:12:09,313 - INFO - 127.0.0.1 - - [14/May/2025 21:12:09] "[33mGET /pabd25/indo_dataset/info.json HTTP/1.1[0m" 404 -
2025-05-14 21:14:22,295 - INFO - 127.0.0.1 - - [14/May/2025 21:14:22] "GET / HTTP/1.1" 200 -
2025-05-14 21:14:22,374 - INFO - 127.0.0.1 - - [14/May/2025 21:14:22] "[33mGET /pabd25/indo_dataset/info.json HTTP/1.1[0m" 404 -
2025-05-14 21:15:44,411 - INFO - The server is running
2025-05-14 21:15:44,426 - INFO - [31m[1mWARNING: This is a development server. Do not use it in a production deployment. Use a production WSGI server instead.[0m
 * Running on http://127.0.0.1:5000
2025-05-14 21:15:44,426 - INFO - [33mPress CTRL+C to quit[0m
2025-05-14 21:15:44,428 - INFO -  * Restarting with stat
2025-05-14 21:15:45,832 - INFO - The server is running
2025-05-14 21:15:45,838 - WARNING -  * Debugger is active!
2025-05-14 21:15:45,841 - INFO -  * Debugger PIN: 480-328-177
2025-05-14 21:15:47,769 - INFO - 127.0.0.1 - - [14/May/2025 21:15:47] "GET / HTTP/1.1" 200 -
2025-05-14 21:15:47,839 - INFO - 127.0.0.1 - - [14/May/2025 21:15:47] "[33mGET /indo_dataset/info.json HTTP/1.1[0m" 404 -
2025-05-14 21:16:54,827 - INFO - The server is running
2025-05-14 21:16:54,852 - INFO - [31m[1mWARNING: This is a development server. Do not use it in a production deployment. Use a production WSGI server instead.[0m
 * Running on http://127.0.0.1:5000
2025-05-14 21:16:54,852 - INFO - [33mPress CTRL+C to quit[0m
2025-05-14 21:16:54,854 - INFO -  * Restarting with stat
2025-05-14 21:16:56,193 - INFO - The server is running
2025-05-14 21:16:56,200 - WARNING -  * Debugger is active!
2025-05-14 21:16:56,203 - INFO -  * Debugger PIN: 480-328-177
2025-05-14 21:16:57,955 - INFO - 127.0.0.1 - - [14/May/2025 21:16:57] "GET / HTTP/1.1" 200 -
2025-05-14 21:16:58,022 - INFO - 127.0.0.1 - - [14/May/2025 21:16:58] "[33mGET /indo_dataset/info.json HTTP/1.1[0m" 404 -
2025-05-14 21:18:38,755 - INFO - The server is running
2025-05-14 21:18:38,775 - INFO - [31m[1mWARNING: This is a development server. Do not use it in a production deployment. Use a production WSGI server instead.[0m
 * Running on http://127.0.0.1:5000
2025-05-14 21:18:38,775 - INFO - [33mPress CTRL+C to quit[0m
2025-05-14 21:18:38,777 - INFO -  * Restarting with stat
2025-05-14 21:18:40,160 - INFO - The server is running
2025-05-14 21:18:40,168 - WARNING -  * Debugger is active!
2025-05-14 21:18:40,171 - INFO -  * Debugger PIN: 480-328-177
2025-05-14 21:18:43,709 - INFO - 127.0.0.1 - - [14/May/2025 21:18:43] "GET / HTTP/1.1" 200 -
2025-05-14 21:26:17,008 - INFO - The server is running
2025-05-14 21:26:17,031 - INFO - [31m[1mWARNING: This is a development server. Do not use it in a production deployment. Use a production WSGI server instead.[0m
 * Running on http://127.0.0.1:5000
2025-05-14 21:26:17,031 - INFO - [33mPress CTRL+C to quit[0m
2025-05-14 21:26:17,033 - INFO -  * Restarting with stat
2025-05-14 21:26:18,575 - INFO - The server is running
2025-05-14 21:26:18,582 - WARNING -  * Debugger is active!
2025-05-14 21:26:18,584 - INFO -  * Debugger PIN: 480-328-177
2025-05-14 21:26:20,069 - INFO - 127.0.0.1 - - [14/May/2025 21:26:20] "GET / HTTP/1.1" 200 -
2025-05-14 21:26:40,961 - INFO - Request received for /api/numberss
2025-05-14 21:26:40,961 - ERROR - Error in data processing: int() argument must be a string, a bytes-like object or a real number, not 'NoneType'
2025-05-14 21:26:40,962 - INFO - 127.0.0.1 - - [14/May/2025 21:26:40] "POST /api/numbers HTTP/1.1" 200 -
2025-05-14 21:26:41,947 - INFO - Request received for /api/numberss
2025-05-14 21:26:41,950 - ERROR - Error in data processing: int() argument must be a string, a bytes-like object or a real number, not 'NoneType'
2025-05-14 21:26:41,952 - INFO - 127.0.0.1 - - [14/May/2025 21:26:41] "POST /api/numbers HTTP/1.1" 200 -
2025-05-14 21:31:29,726 - INFO - The server is running
2025-05-14 21:31:29,747 - INFO - [31m[1mWARNING: This is a development server. Do not use it in a production deployment. Use a production WSGI server instead.[0m
 * Running on http://127.0.0.1:5000
2025-05-14 21:31:29,747 - INFO - [33mPress CTRL+C to quit[0m
2025-05-14 21:31:29,748 - INFO -  * Restarting with stat
2025-05-14 21:31:31,174 - INFO - The server is running
2025-05-14 21:31:31,181 - WARNING -  * Debugger is active!
2025-05-14 21:31:31,185 - INFO -  * Debugger PIN: 480-328-177
2025-05-14 21:31:33,663 - INFO - 127.0.0.1 - - [14/May/2025 21:31:33] "GET / HTTP/1.1" 200 -
2025-05-14 21:31:49,569 - INFO - Request received for /api/numberss
2025-05-14 21:31:49,571 - ERROR - Error in data processing: int() argument must be a string, a bytes-like object or a real number, not 'NoneType'
2025-05-14 21:31:49,572 - INFO - 127.0.0.1 - - [14/May/2025 21:31:49] "POST /api/numbers HTTP/1.1" 200 -
2025-05-14 21:31:50,438 - INFO - Request received for /api/numberss
2025-05-14 21:31:50,440 - ERROR - Error in data processing: int() argument must be a string, a bytes-like object or a real number, not 'NoneType'
2025-05-14 21:31:50,442 - INFO - 127.0.0.1 - - [14/May/2025 21:31:50] "POST /api/numbers HTTP/1.1" 200 -
2025-05-14 21:31:50,622 - INFO - Request received for /api/numberss
2025-05-14 21:31:50,624 - ERROR - Error in data processing: int() argument must be a string, a bytes-like object or a real number, not 'NoneType'
2025-05-14 21:31:50,625 - INFO - 127.0.0.1 - - [14/May/2025 21:31:50] "POST /api/numbers HTTP/1.1" 200 -
2025-05-14 21:31:50,803 - INFO - Request received for /api/numberss
2025-05-14 21:31:50,804 - ERROR - Error in data processing: int() argument must be a string, a bytes-like object or a real number, not 'NoneType'
2025-05-14 21:31:50,805 - INFO - 127.0.0.1 - - [14/May/2025 21:31:50] "POST /api/numbers HTTP/1.1" 200 -
2025-05-14 21:31:50,975 - INFO - Request received for /api/numberss
2025-05-14 21:31:50,977 - ERROR - Error in data processing: int() argument must be a string, a bytes-like object or a real number, not 'NoneType'
2025-05-14 21:31:50,978 - INFO - 127.0.0.1 - - [14/May/2025 21:31:50] "POST /api/numbers HTTP/1.1" 200 -
2025-05-14 21:34:16,819 - INFO - The server is running
2025-05-14 21:34:16,837 - INFO - [31m[1mWARNING: This is a development server. Do not use it in a production deployment. Use a production WSGI server instead.[0m
 * Running on http://127.0.0.1:5000
2025-05-14 21:34:16,837 - INFO - [33mPress CTRL+C to quit[0m
2025-05-14 21:34:16,838 - INFO -  * Restarting with stat
2025-05-14 21:34:18,696 - INFO - The server is running
2025-05-14 21:34:18,703 - WARNING -  * Debugger is active!
2025-05-14 21:34:18,706 - INFO -  * Debugger PIN: 480-328-177
2025-05-14 21:34:20,791 - INFO - 127.0.0.1 - - [14/May/2025 21:34:20] "GET / HTTP/1.1" 200 -
2025-05-14 21:34:48,286 - INFO - Request received for /api/numberss
2025-05-14 21:34:48,287 - ERROR - Error in data processing: int() argument must be a string, a bytes-like object or a real number, not 'NoneType'
2025-05-14 21:34:48,288 - INFO - 127.0.0.1 - - [14/May/2025 21:34:48] "POST /api/numbers HTTP/1.1" 200 -
2025-05-14 21:35:44,894 - INFO - The server is running
2025-05-14 21:35:44,911 - INFO - [31m[1mWARNING: This is a development server. Do not use it in a production deployment. Use a production WSGI server instead.[0m
 * Running on http://127.0.0.1:5000
2025-05-14 21:35:44,912 - INFO - [33mPress CTRL+C to quit[0m
2025-05-14 21:35:44,913 - INFO -  * Restarting with stat
2025-05-14 21:35:46,194 - INFO - The server is running
2025-05-14 21:35:46,201 - WARNING -  * Debugger is active!
2025-05-14 21:35:46,204 - INFO -  * Debugger PIN: 480-328-177
2025-05-14 21:35:47,868 - INFO - 127.0.0.1 - - [14/May/2025 21:35:47] "GET / HTTP/1.1" 200 -
2025-05-14 21:36:12,706 - INFO - Request received for /api/numberss
2025-05-14 21:36:12,708 - INFO - The data has been successfully converted: 60.0, 2, 13, 7, 1, 16, 7
2025-05-14 21:36:12,708 - INFO - === Data received ===
2025-05-14 21:36:12,709 - INFO - The area of the apartment: 60.0
2025-05-14 21:36:12,710 - INFO - Number of rooms: 2
2025-05-14 21:36:12,711 - INFO - Floors in the house: 13
2025-05-14 21:36:12,711 - INFO - Apartment floor: 7
2025-05-14 21:36:12,712 - INFO - =====================

2025-05-14 21:36:12,719 - INFO - Predicted price: 27840219.87
2025-05-14 21:36:12,721 - INFO - 127.0.0.1 - - [14/May/2025 21:36:12] "POST /api/numbers HTTP/1.1" 200 -
2025-05-14 21:38:30,108 - INFO - Request received for /api/numberss
2025-05-14 21:38:30,111 - INFO - The data has been successfully converted: 60.0, 2, 13, 8, 1, 110, 8
2025-05-14 21:38:30,111 - INFO - === Data received ===
2025-05-14 21:38:30,113 - INFO - The area of the apartment: 60.0
2025-05-14 21:38:30,113 - INFO - Number of rooms: 2
2025-05-14 21:38:30,114 - INFO - Floors in the house: 13
2025-05-14 21:38:30,116 - INFO - Apartment floor: 8
2025-05-14 21:38:30,121 - INFO - =====================

2025-05-14 21:38:30,126 - INFO - Predicted price: 23280141.18
2025-05-14 21:38:30,128 - INFO - 127.0.0.1 - - [14/May/2025 21:38:30] "POST /api/numbers HTTP/1.1" 200 -
2025-05-14 21:45:38,085 - INFO - Request received for /api/numberss
2025-05-14 21:45:38,087 - INFO - The data has been successfully converted: 60.0, 2, 13, 8, 1, 110, 8
2025-05-14 21:45:38,088 - INFO - === Data received ===
2025-05-14 21:45:38,089 - INFO - The area of the apartment: 60.0
2025-05-14 21:45:38,090 - INFO - Number of rooms: 2
2025-05-14 21:45:38,090 - INFO - Floors in the house: 13
2025-05-14 21:45:38,090 - INFO - Apartment floor: 8
2025-05-14 21:45:38,091 - INFO - =====================

2025-05-14 21:45:38,097 - INFO - Predicted price: 23280141.18
2025-05-14 21:45:38,098 - INFO - 127.0.0.1 - - [14/May/2025 21:45:38] "POST /api/numbers HTTP/1.1" 200 -
2025-05-14 21:46:50,095 - INFO - Request received for /api/numberss
2025-05-14 21:46:50,103 - INFO - The data has been successfully converted: 70.0, 2, 13, 8, 1, 110, 8
2025-05-14 21:46:50,107 - INFO - === Data received ===
2025-05-14 21:46:50,113 - INFO - The area of the apartment: 70.0
2025-05-14 21:46:50,119 - INFO - Number of rooms: 2
2025-05-14 21:46:50,122 - INFO - Floors in the house: 13
2025-05-14 21:46:50,125 - INFO - Apartment floor: 8
2025-05-14 21:46:50,130 - INFO - =====================

2025-05-14 21:46:50,139 - INFO - Predicted price: 31615906.82
2025-05-14 21:46:50,145 - INFO - 127.0.0.1 - - [14/May/2025 21:46:50] "POST /api/numbers HTTP/1.1" 200 -
2025-05-14 21:46:59,446 - INFO - Request received for /api/numberss
2025-05-14 21:46:59,447 - INFO - The data has been successfully converted: 70.0, 2, 23, 8, 1, 110, 8
2025-05-14 21:46:59,448 - INFO - === Data received ===
2025-05-14 21:46:59,448 - INFO - The area of the apartment: 70.0
2025-05-14 21:46:59,448 - INFO - Number of rooms: 2
2025-05-14 21:46:59,448 - INFO - Floors in the house: 23
2025-05-14 21:46:59,449 - INFO - Apartment floor: 8
2025-05-14 21:46:59,449 - INFO - =====================

2025-05-14 21:46:59,450 - INFO - Predicted price: 31734135.43
2025-05-14 21:46:59,451 - INFO - 127.0.0.1 - - [14/May/2025 21:46:59] "POST /api/numbers HTTP/1.1" 200 -
2025-05-21 19:57:59,417 - root - INFO - Логирование настроено
2025-05-21 19:57:59,418 - __main__ - INFO - Запуск пайплайна обработки данных
2025-05-21 19:57:59,418 - __main__ - INFO - Начало этапа очистки данных
2025-05-21 19:57:59,419 - __main__ - INFO - Найдено 6 CSV файлов для обработки
2025-05-21 19:57:59,481 - __main__ - INFO - Объединенный датасет содержит 2764 записей
2025-05-21 19:57:59,493 - __main__ - INFO - Удалено 189 строк с пропущенными значениями
2025-05-21 19:57:59,503 - __main__ - INFO - Удалено 794 дубликатов
2025-05-21 19:57:59,517 - __main__ - INFO - Удалено 416 выбросов
2025-05-21 19:57:59,518 - __main__ - INFO - Итоговый размер датасета: 1554 строк
2025-05-21 19:57:59,554 - __main__ - INFO - Очищенные данные сохранены в ./pabd25/data/cleaned_data.csv
2025-05-21 19:57:59,555 - __main__ - INFO - Начало этапа обучения модели
2025-05-21 19:57:59,555 - __main__ - INFO - Начало обучения модели
2025-05-21 19:57:59,559 - __main__ - INFO - Данные разделены: train=1243, test=311
2025-05-21 19:57:59,841 - __main__ - INFO - Модель успешно обучена
2025-05-21 19:57:59,862 - __main__ - INFO - Модель успешно сохранена в ./pabd25/models/house_price_model_2025-05-21_19-57.pkl
2025-05-21 19:57:59,862 - __main__ - INFO - Тестирование модели на примере
2025-05-21 19:57:59,895 - __main__ - INFO - Модель успешно загружена из ./pabd25/models/house_price_model_2025-05-21_19-57.pkl
2025-05-21 19:57:59,937 - __main__ - INFO - Пайплайн успешно завершен
2025-05-21 19:58:03,059 - root - INFO - Логирование настроено
2025-05-21 19:58:03,060 - __main__ - INFO - Запуск пайплайна обработки данных
2025-05-21 19:58:03,060 - __main__ - INFO - Начало этапа очистки данных
2025-05-21 19:58:03,060 - __main__ - INFO - Найдено 6 CSV файлов для обработки
2025-05-21 19:58:03,107 - __main__ - INFO - Объединенный датасет содержит 2764 записей
2025-05-21 19:58:03,111 - __main__ - INFO - Удалено 189 строк с пропущенными значениями
2025-05-21 19:58:03,113 - __main__ - INFO - Удалено 794 дубликатов
2025-05-21 19:58:03,123 - __main__ - INFO - Удалено 416 выбросов
2025-05-21 19:58:03,123 - __main__ - INFO - Итоговый размер датасета: 1554 строк
2025-05-21 19:58:03,134 - __main__ - INFO - Очищенные данные сохранены в ./pabd25/data/cleaned_data.csv
2025-05-21 19:58:03,134 - __main__ - INFO - Начало этапа обучения модели
2025-05-21 19:58:03,135 - __main__ - INFO - Начало обучения модели
2025-05-21 19:58:03,137 - __main__ - INFO - Данные разделены: train=1243, test=311
2025-05-21 19:58:03,360 - __main__ - INFO - Модель успешно обучена
2025-05-21 19:58:03,376 - __main__ - INFO - Модель успешно сохранена в ./pabd25/models/house_price_model_2025-05-21_19-58.pkl
2025-05-21 19:58:03,377 - __main__ - INFO - Тестирование модели на примере
2025-05-21 19:58:03,408 - __main__ - INFO - Модель успешно загружена из ./pabd25/models/house_price_model_2025-05-21_19-58.pkl
2025-05-21 19:58:03,413 - __main__ - INFO - Пайплайн успешно завершен
2025-05-21 19:59:04,061 - root - INFO - Логирование настроено
2025-05-21 19:59:04,062 - __main__ - INFO - Запуск пайплайна обработки данных
2025-05-21 19:59:04,062 - __main__ - INFO - Начало этапа парсинга данных
2025-05-21 19:59:04,063 - __main__ - INFO - Начало парсинга данных для 1-комнатных квартир
2025-05-21 20:00:40,711 - __main__ - INFO - Сохранено 531 записей для 1-комнатных квартир в ./pabd25/data/raw/1к_2025-05-21_19-59.csv
2025-05-21 20:00:40,713 - __main__ - INFO - Начало парсинга данных для 2-комнатных квартир
2025-05-21 20:02:24,333 - __main__ - INFO - Сохранено 520 записей для 2-комнатных квартир в ./pabd25/data/raw/2к_2025-05-21_20-00.csv
2025-05-21 20:02:24,333 - __main__ - INFO - Начало этапа очистки данных
2025-05-21 20:02:24,334 - __main__ - INFO - Найдено 8 CSV файлов для обработки
2025-05-21 20:02:24,395 - __main__ - INFO - Объединенный датасет содержит 3815 записей
2025-05-21 20:02:24,397 - __main__ - INFO - Удалено 238 строк с пропущенными значениями
2025-05-21 20:02:24,400 - __main__ - INFO - Удалено 1216 дубликатов
2025-05-21 20:02:24,407 - __main__ - INFO - Удалено 508 выбросов
2025-05-21 20:02:24,408 - __main__ - INFO - Итоговый размер датасета: 2091 строк
2025-05-21 20:02:24,416 - __main__ - INFO - Очищенные данные сохранены в ./pabd25/data/cleaned_data.csv
2025-05-21 20:02:24,418 - __main__ - INFO - Начало этапа обучения модели
2025-05-21 20:02:24,418 - __main__ - INFO - Начало обучения модели
2025-05-21 20:02:24,422 - __main__ - INFO - Данные разделены: train=1672, test=419
2025-05-21 20:02:24,646 - __main__ - INFO - Модель успешно обучена
2025-05-21 20:02:24,661 - __main__ - INFO - Модель успешно сохранена в ./pabd25/models/house_price_model_2025-05-21_20-02.pkl
2025-05-21 20:02:24,662 - __main__ - INFO - Тестирование модели на примере
2025-05-21 20:02:24,688 - __main__ - INFO - Модель успешно загружена из ./pabd25/models/house_price_model_2025-05-21_20-02.pkl
2025-05-21 20:02:24,694 - __main__ - INFO - Пайплайн успешно завершен
2025-05-21 21:09:38,266 - __main__ - INFO - The beginning of data processing
2025-05-21 21:09:38,267 - __main__ - INFO - 8 CSV files found for processing
2025-05-21 21:09:38,329 - __main__ - INFO - The combined dataset contains 3815 records
2025-05-21 21:09:38,333 - __main__ - INFO - Deleted 238 rows with missing values
2025-05-21 21:09:38,337 - __main__ - INFO - Deleted 1216 duplicates
2025-05-21 21:09:38,347 - __main__ - INFO - Removed 508 emissions
2025-05-21 21:09:38,347 - __main__ - INFO - Total dataset size: 2091 rows
2025-05-21 21:09:38,363 - __main__ - INFO - The cleaned data is saved in ./pabd25/data/cleaned_data.csv
2025-05-21 21:09:38,370 - __main__ - INFO - The train_df is saved in ./pabd25/data/processed/train.csv
2025-05-21 21:09:38,373 - __main__ - INFO - The test_df is saved in ./pabd25/data/processed/train.csv
2025-05-21 21:10:15,164 - __main__ - INFO - The beginning of data processing
2025-05-21 21:10:15,164 - __main__ - INFO - 8 CSV files found for processing
2025-05-21 21:10:15,201 - __main__ - INFO - The combined dataset contains 3815 records
2025-05-21 21:10:15,203 - __main__ - INFO - Deleted 238 rows with missing values
2025-05-21 21:10:15,205 - __main__ - INFO - Deleted 1216 duplicates
2025-05-21 21:10:15,211 - __main__ - INFO - Removed 508 emissions
2025-05-21 21:10:15,211 - __main__ - INFO - Total dataset size: 2091 rows
2025-05-21 21:10:15,222 - __main__ - INFO - The cleaned data is saved in ./pabd25/data/cleaned_data.csv
2025-05-21 21:10:15,228 - __main__ - INFO - The train_df is saved in ./pabd25/data/processed/train.csv
2025-05-21 21:10:15,230 - __main__ - INFO - The test_df is saved in ./pabd25/data/processed/test.csv
2025-05-21 21:28:50,018 - __main__ - INFO - The beginning of model training
2025-05-21 21:28:50,169 - __main__ - INFO - The model has been successfully trained
2025-05-21 21:28:50,174 - __main__ - INFO - The model was successfully saved in ./pabd25/models/house_price_model_2025-05-21_21-28.pkl
2025-05-21 21:41:21,804 - __main__ - INFO - The model was successfully loaded from ./pabd25/models/house_price_model_2025-05-21_21-28.pkl
2025-06-11 20:03:09,738 - INFO - The server is running
2025-06-11 20:03:09,847 - INFO - [31m[1mWARNING: This is a development server. Do not use it in a production deployment. Use a production WSGI server instead.[0m
 * Running on http://127.0.0.1:5000
2025-06-11 20:03:09,848 - INFO - [33mPress CTRL+C to quit[0m
2025-06-11 20:03:09,860 - INFO -  * Restarting with stat
2025-06-11 20:03:11,089 - INFO - The server is running
2025-06-11 20:03:11,100 - WARNING -  * Debugger is active!
2025-06-11 20:03:11,104 - INFO -  * Debugger PIN: 805-761-556
2025-06-11 20:03:24,345 - INFO - 127.0.0.1 - - [11/Jun/2025 20:03:24] "GET / HTTP/1.1" 200 -
2025-06-11 20:03:24,795 - INFO - 127.0.0.1 - - [11/Jun/2025 20:03:24] "[33mGET /favicon.ico HTTP/1.1[0m" 404 -
2025-06-11 20:03:44,963 - INFO - 127.0.0.1 - - [11/Jun/2025 20:03:44] "[31m[1mPOST /api/numbers HTTP/1.1[0m" 401 -
2025-06-11 20:03:49,934 - INFO - 127.0.0.1 - - [11/Jun/2025 20:03:49] "[31m[1mPOST /api/numbers HTTP/1.1[0m" 401 -
2025-06-11 20:03:50,425 - INFO - 127.0.0.1 - - [11/Jun/2025 20:03:50] "[31m[1mPOST /api/numbers HTTP/1.1[0m" 401 -
2025-06-11 20:04:42,073 - INFO -  * Detected change in 'C:\\Users\\user\\Институт\\PABD25\\Проект_3\\pabd25\\servise\\app.py', reloading
2025-06-11 20:04:42,267 - INFO -  * Restarting with stat
2025-06-11 20:04:43,634 - INFO - The server is running
2025-06-11 20:04:43,645 - WARNING -  * Debugger is active!
2025-06-11 20:04:43,648 - INFO -  * Debugger PIN: 805-761-556
2025-06-11 20:04:49,985 - INFO - 127.0.0.1 - - [11/Jun/2025 20:04:49] "[31m[1mPOST /api/numbers HTTP/1.1[0m" 401 -
2025-06-11 20:05:06,500 - INFO - 127.0.0.1 - - [11/Jun/2025 20:05:06] "[31m[1mPOST /api/numbers HTTP/1.1[0m" 401 -
2025-06-11 20:05:07,113 - INFO - 127.0.0.1 - - [11/Jun/2025 20:05:07] "[31m[1mPOST /api/numbers HTTP/1.1[0m" 401 -
2025-06-11 20:05:07,312 - INFO - 127.0.0.1 - - [11/Jun/2025 20:05:07] "[31m[1mPOST /api/numbers HTTP/1.1[0m" 401 -
2025-06-11 20:05:07,520 - INFO - 127.0.0.1 - - [11/Jun/2025 20:05:07] "[31m[1mPOST /api/numbers HTTP/1.1[0m" 401 -
2025-06-11 20:05:07,719 - INFO - 127.0.0.1 - - [11/Jun/2025 20:05:07] "[31m[1mPOST /api/numbers HTTP/1.1[0m" 401 -
2025-06-11 20:05:07,996 - INFO - 127.0.0.1 - - [11/Jun/2025 20:05:07] "[31m[1mPOST /api/numbers HTTP/1.1[0m" 401 -
2025-06-11 20:05:21,723 - INFO -  * Detected change in 'C:\\Users\\user\\Институт\\PABD25\\Проект_3\\pabd25\\servise\\app.py', reloading
2025-06-11 20:05:21,910 - INFO -  * Restarting with stat
2025-06-11 20:05:23,309 - INFO - The server is running
2025-06-11 20:05:23,321 - WARNING -  * Debugger is active!
2025-06-11 20:05:23,323 - INFO -  * Debugger PIN: 805-761-556
2025-06-11 20:05:25,516 - INFO - 127.0.0.1 - - [11/Jun/2025 20:05:25] "[31m[1mPOST /api/numbers HTTP/1.1[0m" 401 -
2025-06-11 20:05:36,285 - INFO - 127.0.0.1 - - [11/Jun/2025 20:05:36] "[31m[1mPOST /api/numbers HTTP/1.1[0m" 401 -
2025-06-11 20:07:15,577 - INFO -  * Detected change in 'C:\\Users\\user\\Институт\\PABD25\\Проект_3\\pabd25\\servise\\app.py', reloading
2025-06-11 20:07:15,758 - INFO -  * Restarting with stat
2025-06-11 20:07:17,117 - INFO - The server is running
2025-06-11 20:07:17,133 - WARNING -  * Debugger is active!
2025-06-11 20:07:17,138 - INFO -  * Debugger PIN: 805-761-556
2025-06-11 20:07:20,990 - INFO - 127.0.0.1 - - [11/Jun/2025 20:07:20] "GET / HTTP/1.1" 200 -
2025-06-11 20:07:42,321 - INFO - 127.0.0.1 - - [11/Jun/2025 20:07:42] "[31m[1mPOST /api/numbers HTTP/1.1[0m" 401 -
2025-06-11 20:08:48,089 - INFO -  * Detected change in 'C:\\Users\\user\\Институт\\PABD25\\Проект_3\\pabd25\\servise\\app.py', reloading
2025-06-11 20:08:48,257 - INFO -  * Restarting with stat
2025-06-11 20:08:49,618 - INFO - The server is running
2025-06-11 20:08:49,625 - WARNING -  * Debugger is active!
2025-06-11 20:08:49,628 - INFO -  * Debugger PIN: 805-761-556
2025-06-11 20:08:53,841 - INFO - 127.0.0.1 - - [11/Jun/2025 20:08:53] "GET / HTTP/1.1" 200 -
2025-06-11 20:09:13,650 - INFO - Request received for /api/numberss
2025-06-11 20:09:13,653 - INFO - The data has been successfully converted: 50.0, 2, 11, 13, 1, 6, 13
2025-06-11 20:09:13,653 - INFO - === Data received ===
2025-06-11 20:09:13,653 - INFO - The area of the apartment: 50.0
2025-06-11 20:09:13,653 - INFO - Number of rooms: 2
2025-06-11 20:09:13,654 - INFO - Floors in the house: 11
2025-06-11 20:09:13,654 - INFO - Apartment floor: 13
2025-06-11 20:09:13,654 - INFO - =====================

2025-06-11 20:09:13,656 - INFO - Predicted price: 19131244.76
2025-06-11 20:09:13,657 - INFO - 127.0.0.1 - - [11/Jun/2025 20:09:13] "POST /api/numbers HTTP/1.1" 200 -
2025-06-11 20:09:20,102 - INFO - 127.0.0.1 - - [11/Jun/2025 20:09:20] "[31m[1mPOST /api/numbers HTTP/1.1[0m" 401 -
2025-06-11 20:13:53,801 - INFO -  * Detected change in 'C:\\Users\\user\\Институт\\PABD25\\Проект_3\\pabd25\\servise\\app.py', reloading
2025-06-11 20:13:54,010 - INFO -  * Restarting with stat
2025-06-11 20:13:55,506 - INFO - The server is running
2025-06-11 20:13:55,514 - WARNING -  * Debugger is active!
2025-06-11 20:13:55,519 - INFO -  * Debugger PIN: 805-761-556
2025-06-11 20:13:57,868 - INFO - 127.0.0.1 - - [11/Jun/2025 20:13:57] "GET / HTTP/1.1" 200 -
2025-06-11 20:14:16,926 - INFO - 127.0.0.1 - - [11/Jun/2025 20:14:16] "[31m[1mPOST /api/numbers HTTP/1.1[0m" 401 -
2025-06-11 20:14:22,268 - INFO - Request received for /api/numberss
2025-06-11 20:14:22,270 - INFO - The data has been successfully converted: 123.0, 3, 22, 7, 1, 15, 7
2025-06-11 20:14:22,271 - INFO - === Data received ===
2025-06-11 20:14:22,272 - INFO - The area of the apartment: 123.0
2025-06-11 20:14:22,272 - INFO - Number of rooms: 3
2025-06-11 20:14:22,273 - INFO - Floors in the house: 22
2025-06-11 20:14:22,273 - INFO - Apartment floor: 7
2025-06-11 20:14:22,274 - INFO - =====================

2025-06-11 20:14:22,277 - INFO - Predicted price: 29869681.92
2025-06-11 20:14:22,281 - INFO - 127.0.0.1 - - [11/Jun/2025 20:14:22] "POST /api/numbers HTTP/1.1" 200 -
2025-06-11 20:20:19,783 - INFO -  * Detected change in 'C:\\Users\\user\\Институт\\PABD25\\Проект_3\\pabd25\\servise\\app.py', reloading
2025-06-11 20:20:20,004 - INFO -  * Restarting with stat
2025-06-11 20:20:21,511 - INFO - The server is running
2025-06-11 20:20:21,519 - WARNING -  * Debugger is active!
2025-06-11 20:20:21,523 - INFO -  * Debugger PIN: 805-761-556
2025-06-11 20:20:23,703 - INFO - 127.0.0.1 - - [11/Jun/2025 20:20:23] "GET / HTTP/1.1" 200 -
2025-06-11 20:20:46,983 - INFO - Request received for /api/numberss
2025-06-11 20:20:46,985 - INFO - The data has been successfully converted: 30.0, 3, 20, 7, 1, 7, 7
2025-06-11 20:20:46,986 - INFO - === Data received ===
2025-06-11 20:20:46,987 - INFO - The area of the apartment: 30.0
2025-06-11 20:20:46,988 - INFO - Number of rooms: 3
2025-06-11 20:20:46,990 - INFO - Floors in the house: 20
2025-06-11 20:20:46,990 - INFO - Apartment floor: 7
2025-06-11 20:20:46,992 - INFO - =====================

2025-06-11 20:20:47,001 - INFO - Predicted price: 15725470.0
2025-06-11 20:20:47,002 - INFO - 127.0.0.1 - - [11/Jun/2025 20:20:47] "POST /api/numbers HTTP/1.1" 200 -
2025-06-11 20:20:51,898 - INFO - 127.0.0.1 - - [11/Jun/2025 20:20:51] "[31m[1mPOST /api/numbers HTTP/1.1[0m" 401 -
2025-06-11 20:20:56,163 - INFO - Request received for /api/numberss
2025-06-11 20:20:56,163 - INFO - The data has been successfully converted: 30.0, 3, 20, 7, 1, 7, 7
2025-06-11 20:20:56,164 - INFO - === Data received ===
2025-06-11 20:20:56,164 - INFO - The area of the apartment: 30.0
2025-06-11 20:20:56,165 - INFO - Number of rooms: 3
2025-06-11 20:20:56,165 - INFO - Floors in the house: 20
2025-06-11 20:20:56,166 - INFO - Apartment floor: 7
2025-06-11 20:20:56,166 - INFO - =====================

2025-06-11 20:20:56,168 - INFO - Predicted price: 15725470.0
2025-06-11 20:20:56,171 - INFO - 127.0.0.1 - - [11/Jun/2025 20:20:56] "POST /api/numbers HTTP/1.1" 200 -
